<?xml version="1.0" encoding="UTF-8"?>
<!-- Generated by org.testng.reporters.JUnitXMLReporter -->
<testsuite hostname="impetus-n078" name="Default test" tests="3" failures="0" timestamp="18 Nov 2014 08:03:15 GMT" time="23.038" errors="0">
  <testcase name="@BeforeClass LoadObjectReository" time="0.0" classname="TestCases.MutualFunds_Page">
    <failure type="java.lang.NoClassDefFoundError" message="org/dom4j/DocumentException">
      <![CDATA[java.lang.NoClassDefFoundError: org/dom4j/DocumentException
	at org.apache.poi.openxml4j.opc.OPCPackage.init(OPCPackage.java:149)
	at org.apache.poi.openxml4j.opc.OPCPackage.<init>(OPCPackage.java:136)
	at org.apache.poi.openxml4j.opc.Package.<init>(Package.java:54)
	at org.apache.poi.openxml4j.opc.ZipPackage.<init>(ZipPackage.java:81)
	at org.apache.poi.openxml4j.opc.OPCPackage.open(OPCPackage.java:220)
	at org.apache.poi.util.PackageHelper.open(PackageHelper.java:39)
	at org.apache.poi.xssf.usermodel.XSSFWorkbook.<init>(XSSFWorkbook.java:186)
	at FunctionLibraries.FunctionLibrary.readObjectRepository(FunctionLibrary.java:1153)
	at TestCases.MutualFunds_Page.LoadObjectReository(MutualFunds_Page.java:89)
	at sun.reflect.NativeMethodAccessorImpl.invoke0(Native Method)
	at sun.reflect.NativeMethodAccessorImpl.invoke(Unknown Source)
	at sun.reflect.DelegatingMethodAccessorImpl.invoke(Unknown Source)
	at java.lang.reflect.Method.invoke(Unknown Source)
	at org.testng.internal.MethodInvocationHelper.invokeMethod(MethodInvocationHelper.java:84)
	at org.testng.internal.Invoker.invokeConfigurationMethod(Invoker.java:564)
	at org.testng.internal.Invoker.invokeConfigurations(Invoker.java:213)
	at org.testng.internal.Invoker.invokeConfigurations(Invoker.java:138)
	at org.testng.internal.TestMethodWorker.invokeBeforeClassMethods(TestMethodWorker.java:175)
	at org.testng.internal.TestMethodWorker.run(TestMethodWorker.java:107)
	at org.testng.TestRunner.privateRun(TestRunner.java:767)
	at org.testng.TestRunner.run(TestRunner.java:617)
	at org.testng.SuiteRunner.runTest(SuiteRunner.java:334)
	at org.testng.SuiteRunner.runSequentially(SuiteRunner.java:329)
	at org.testng.SuiteRunner.privateRun(SuiteRunner.java:291)
	at org.testng.SuiteRunner.run(SuiteRunner.java:240)
	at org.testng.SuiteRunnerWorker.runSuite(SuiteRunnerWorker.java:52)
	at org.testng.SuiteRunnerWorker.run(SuiteRunnerWorker.java:86)
	at org.testng.TestNG.runSuitesSequentially(TestNG.java:1224)
	at org.testng.TestNG.runSuitesLocally(TestNG.java:1149)
	at org.testng.TestNG.run(TestNG.java:1057)
	at org.testng.remote.RemoteTestNG.run(RemoteTestNG.java:111)
	at org.testng.remote.RemoteTestNG.initAndRun(RemoteTestNG.java:204)
	at org.testng.remote.RemoteTestNG.main(RemoteTestNG.java:175)
Caused by: java.lang.ClassNotFoundException: org.dom4j.DocumentException
	at java.net.URLClassLoader$1.run(Unknown Source)
	at java.net.URLClassLoader$1.run(Unknown Source)
	at java.security.AccessController.doPrivileged(Native Method)
	at java.net.URLClassLoader.findClass(Unknown Source)
	at java.lang.ClassLoader.loadClass(Unknown Source)
	at sun.misc.Launcher$AppClassLoader.loadClass(Unknown Source)
	at java.lang.ClassLoader.loadClass(Unknown Source)
	... 33 more
]]>
    </failure>
  </testcase> <!-- @BeforeClass LoadObjectReository -->
  <testcase name="@BeforeMethod setUp" time="0.0" classname="TestCases.MutualFunds_Page">
    <skipped/>
  </testcase> <!-- @BeforeMethod setUp -->
  <testcase name="@AfterMethod tearDown" time="0.0" classname="TestCases.MutualFunds_Page">
    <skipped/>
  </testcase> <!-- @AfterMethod tearDown -->
  <testcase name="@BeforeMethod setUp" time="0.0" classname="TestCases.MutualFunds_Page">
    <skipped/>
  </testcase> <!-- @BeforeMethod setUp -->
  <testcase name="@AfterMethod tearDown" time="0.0" classname="TestCases.MutualFunds_Page">
    <skipped/>
  </testcase> <!-- @AfterMethod tearDown -->
  <testcase name="@BeforeMethod setUp" time="0.0" classname="TestCases.MutualFunds_Page">
    <skipped/>
  </testcase> <!-- @BeforeMethod setUp -->
  <testcase name="@AfterMethod tearDown" time="0.0" classname="TestCases.MutualFunds_Page">
    <skipped/>
  </testcase> <!-- @AfterMethod tearDown -->
  <testcase name="@AfterClass ClearObjectRepository" time="0.0" classname="TestCases.MutualFunds_Page">
    <skipped/>
  </testcase> <!-- @AfterClass ClearObjectRepository -->
  <testcase name="MutualFunds_CompareFunds_VerifyTextAndGraph" time="0.0" classname="TestCases.MutualFunds_Page">
    <skipped/>
  </testcase> <!-- MutualFunds_CompareFunds_VerifyTextAndGraph -->
  <testcase name="MutualFunds_MonthScoreCard_VerifyColorAndValue" time="0.0" classname="TestCases.MutualFunds_Page">
    <skipped/>
  </testcase> <!-- MutualFunds_MonthScoreCard_VerifyColorAndValue -->
  <testcase name="MutualFunds_VerifyTextAndNavigation" time="0.015" classname="TestCases.MutualFunds_Page">
    <skipped/>
  </testcase> <!-- MutualFunds_VerifyTextAndNavigation -->
</testsuite> <!-- Default test -->
