<?xml version="1.0" encoding="UTF-8"?>
<!-- Generated by org.testng.reporters.JUnitXMLReporter -->
<testsuite hostname="impetus-n078" name="Test" tests="16" failures="0" timestamp="26 Nov 2014 08:07:56 GMT" time="1080.527" errors="0">
  <testcase name="IPO_Calender_VerifyCalenderTab" time="6.917" classname="TestCases.IPO_Page"/>
  <testcase name="IPO_Forthcoming_VerifyForthcomingTab" time="10.876" classname="TestCases.IPO_Page"/>
  <testcase name="IPO_Past_VerifyCalenderTab" time="48.75" classname="TestCases.IPO_Page"/>
  <testcase name="IPO_VerifyCalenderOnIPOPage" time="6.385" classname="TestCases.IPO_Page"/>
  <testcase name="Companies_VerifyCompaniesTab" time="142.143" classname="TestCases.Companies_Page"/>
  <testcase name="Companies_VerifyNavigationOnCompaniesSubtab" time="204.416" classname="TestCases.Companies_Page"/>
  <testcase name="Market_VerifyETFTab" time="26.832" classname="TestCases.Market_Page"/>
  <testcase name="Market_VerifyMarketTab" time="31.016" classname="TestCases.Market_Page"/>
  <testcase name="MutualFunds_CompareFunds_VerifyTextAndGraph" time="12.48" classname="TestCases.MutualFunds_Page"/>
  <testcase name="MutualFunds_MonthScoreCard_VerifyColorAndValue" time="151.001" classname="TestCases.MutualFunds_Page"/>
  <testcase name="MutualFunds_VerifyTextAndNavigation" time="56.926" classname="TestCases.MutualFunds_Page"/>
  <testcase name="Reports_DailyWrap_VerifyDailyWrapPage" time="48.565" classname="TestCases.Reports_Page"/>
  <testcase name="ResearchHub_ResultsInsights_VerifyResearchHubPage" time="48.21" classname="TestCases.ResearchHub_Page"/>
  <testcase name="verifyHomeTabCal" time="18.107" classname="TestCases.Home_Page"/>
  <testcase name="Resource_VerifyGeneralEconmicIndicatorPage" time="3.176" classname="TestCases.Resources_Page"/>
  <testcase name="verify_widgetTab" time="69.042" classname="TestCases.Widget_Page"/>
</testsuite> <!-- Test -->
